<?xml version="1.0" encoding="UTF-8"?>
<!-- Generated by org.testng.reporters.JUnitXMLReporter -->
<testsuite hostname="user-PC" ignored="0" name="ChromeTest" tests="16" failures="0" timestamp="2020-07-28T15:21:03 IST" time="0.351" errors="0">
  <testcase name="@BeforeSuite getDriver" time="-1.595929862159E9" classname="emicalculator.Test.TestClass">
    <failure type="org.testng.TestNGException" message="
Parameter &amp;apos;Port&amp;apos; is required by BeforeSuite on method getDriver but has not been marked @Optional or defined
in C:\Users\user\eclipse-Mainak\emicalculator.net\src\main\resources\testng.xml">
      <![CDATA[org.testng.TestNGException: 
Parameter 'Port' is required by BeforeSuite on method getDriver but has not been marked @Optional or defined
in C:\Users\user\eclipse-Mainak\emicalculator.net\src\main\resources\testng.xml
... Removed 16 stack frames]]>
    </failure>
  </testcase> <!-- @BeforeSuite getDriver -->
  <testcase name="@BeforeTest setup" time="-1.595929862642E9" classname="emicalculator.Test.TestClass">
    <skipped/>
  </testcase> <!-- @BeforeTest setup -->
  <testcase name="@BeforeClass objectRef" time="-1.595929862703E9" classname="emicalculator.Test.TestClass">
    <skipped/>
  </testcase> <!-- @BeforeClass objectRef -->
  <testcase name="getTitle" time="0.0" classname="emicalculator.Test.TestClass">
    <skipped/>
  </testcase> <!-- getTitle -->
  <testcase name="getTitle" time="0.0" classname="emicalculator.Test.TestClass">
    <skipped/>
  </testcase> <!-- getTitle -->
  <testcase name="selectLoanType" time="0.0" classname="emicalculator.Test.TestClass">
    <skipped/>
  </testcase> <!-- selectLoanType -->
  <testcase name="selectLoanType" time="0.0" classname="emicalculator.Test.TestClass">
    <skipped/>
  </testcase> <!-- selectLoanType -->
  <testcase name="selectamount" time="0.0" classname="emicalculator.Test.TestClass">
    <skipped/>
  </testcase> <!-- selectamount -->
  <testcase name="selectInterestRate" time="0.0" classname="emicalculator.Test.TestClass">
    <skipped/>
  </testcase> <!-- selectInterestRate -->
  <testcase name="selectTenure" time="0.0" classname="emicalculator.Test.TestClass">
    <skipped/>
  </testcase> <!-- selectTenure -->
  <testcase name="selectamount" time="0.0" classname="emicalculator.Test.TestClass">
    <skipped/>
  </testcase> <!-- selectamount -->
  <testcase name="expand" time="0.0" classname="emicalculator.Test.TestClass">
    <skipped/>
  </testcase> <!-- expand -->
  <testcase name="selectInterestRate" time="0.0" classname="emicalculator.Test.TestClass">
    <skipped/>
  </testcase> <!-- selectInterestRate -->
  <testcase name="selectTenure" time="0.0" classname="emicalculator.Test.TestClass">
    <skipped/>
  </testcase> <!-- selectTenure -->
  <testcase name="screenshot" time="0.0" classname="emicalculator.Test.TestClass">
    <skipped/>
  </testcase> <!-- screenshot -->
  <testcase name="writeDataInExcel" time="0.0" classname="emicalculator.Test.TestClass">
    <skipped/>
  </testcase> <!-- writeDataInExcel -->
  <testcase name="expand" time="0.0" classname="emicalculator.Test.TestClass">
    <skipped/>
  </testcase> <!-- expand -->
  <testcase name="screenshot" time="0.0" classname="emicalculator.Test.TestClass">
    <skipped/>
  </testcase> <!-- screenshot -->
  <testcase name="writeDataInExcel" time="0.0" classname="emicalculator.Test.TestClass">
    <skipped/>
  </testcase> <!-- writeDataInExcel -->
</testsuite> <!-- ChromeTest -->
