<html>
<head>
<title>TestNG:  FirefoxTest</title>
<link href="../testng.css" rel="stylesheet" type="text/css" />
<link href="../my-testng.css" rel="stylesheet" type="text/css" />

<style type="text/css">
.log { display: none;} 
.stack-trace { display: none;} 
</style>
<script type="text/javascript">
<!--
function flip(e) {
  current = e.style.display;
  if (current == 'block') {
    e.style.display = 'none';
    return 0;
  }
  else {
    e.style.display = 'block';
    return 1;
  }
}

function toggleBox(szDivId, elem, msg1, msg2)
{
  var res = -1;  if (document.getElementById) {
    res = flip(document.getElementById(szDivId));
  }
  else if (document.all) {
    // this is the way old msie versions work
    res = flip(document.all[szDivId]);
  }
  if(elem) {
    if(res == 0) elem.innerHTML = msg1; else elem.innerHTML = msg2;
  }

}

function toggleAllBoxes() {
  if (document.getElementsByTagName) {
    d = document.getElementsByTagName('div');
    for (i = 0; i < d.length; i++) {
      if (d[i].className == 'log') {
        flip(d[i]);
      }
    }
  }
}

// -->
</script>

</head>
<body>
<h2 align='center'>FirefoxTest</h2><table border='1' align="center">
<tr>
<td>Tests passed/Failed/Skipped:</td><td>0/0/8</td>
</tr><tr>
<td>Started on:</td><td>Tue Jul 28 15:21:02 IST 2020</td>
</tr>
<tr><td>Total time:</td><td>0 seconds (341 ms)</td>
</tr><tr>
<td>Included groups:</td><td></td>
</tr><tr>
<td>Excluded groups:</td><td></td>
</tr>
</table><p/>
<small><i>(Hover the method name to see the test class name)</i></small><p/>
<table width='100%' border='1' class='invocation-failed'>
<tr><td colspan='4' align='center'><b>FAILED CONFIGURATIONS</b></td></tr>
<tr><td><b>Test method</b></td>
<td width="30%"><b>Exception</b></td>
<td width="10%"><b>Time (seconds)</b></td>
<td><b>Instance</b></td>
</tr>
<tr>
<td title='emicalculator.Test.TestClass.getDriver()'><b>getDriver</b><br>Test class: emicalculator.Test.TestClass</td>
<td><div><pre>org.testng.TestNGException: 
Parameter &apos;Port&apos; is required by BeforeSuite on method getDriver but has not been marked @Optional or defined
in C:\Users\user\eclipse-Mainak\emicalculator.net\src\main\resources\testng.xml
... Removed 16 stack frames</pre></div><a href='#' onClick='toggleBox("stack-trace734971558", this, "Click to show all stack frames", "Click to hide stack frames")'>Click to show all stack frames</a>
<div class='stack-trace' id='stack-trace734971558'><pre>org.testng.TestNGException: 
Parameter &apos;Port&apos; is required by BeforeSuite on method getDriver but has not been marked @Optional or defined
in C:\Users\user\eclipse-Mainak\emicalculator.net\src\main\resources\testng.xml
	at org.testng.internal.Parameters.createParams(Parameters.java:272)
	at org.testng.internal.Parameters.createParametersForMethod(Parameters.java:360)
	at org.testng.internal.Parameters.createParameters(Parameters.java:704)
	at org.testng.internal.Parameters.createConfigurationParameters(Parameters.java:166)
	at org.testng.internal.ConfigInvoker.invokeConfigurations(ConfigInvoker.java:283)
	at org.testng.SuiteRunner.privateRun(SuiteRunner.java:327)
	at org.testng.SuiteRunner.run(SuiteRunner.java:286)
	at org.testng.SuiteRunnerWorker.runSuite(SuiteRunnerWorker.java:53)
	at org.testng.SuiteRunnerWorker.run(SuiteRunnerWorker.java:96)
	at org.testng.TestNG.runSuitesSequentially(TestNG.java:1187)
	at org.testng.TestNG.runSuitesLocally(TestNG.java:1109)
	at org.testng.TestNG.runSuites(TestNG.java:1039)
	at org.testng.TestNG.run(TestNG.java:1007)
	at org.testng.remote.AbstractRemoteTestNG.run(AbstractRemoteTestNG.java:115)
	at org.testng.remote.RemoteTestNG.initAndRun(RemoteTestNG.java:251)
	at org.testng.remote.RemoteTestNG.main(RemoteTestNG.java:77)
</pre></div></td>
<td>-1595929862</td>
<td>emicalculator.Test.TestClass@1827a871</td></tr>
</table><p>
<table width='100%' border='1' class='invocation-skipped'>
<tr><td colspan='4' align='center'><b>SKIPPED CONFIGURATIONS</b></td></tr>
<tr><td><b>Test method</b></td>
<td width="30%"><b>Exception</b></td>
<td width="10%"><b>Time (seconds)</b></td>
<td><b>Instance</b></td>
</tr>
<tr>
<td title='emicalculator.Test.TestClass.setup()'><b>setup</b><br>Test class: emicalculator.Test.TestClass</td>
<td></td>
<td>-1595929862</td>
<td>emicalculator.Test.TestClass@1827a871</td></tr>
<tr>
<td title='emicalculator.Test.TestClass.objectRef()'><b>objectRef</b><br>Test class: emicalculator.Test.TestClass</td>
<td></td>
<td>-1595929862</td>
<td>emicalculator.Test.TestClass@1827a871</td></tr>
</table><p>
<table width='100%' border='1' class='invocation-skipped'>
<tr><td colspan='4' align='center'><b>SKIPPED TESTS</b></td></tr>
<tr><td><b>Test method</b></td>
<td width="30%"><b>Exception</b></td>
<td width="10%"><b>Time (seconds)</b></td>
<td><b>Instance</b></td>
</tr>
<tr>
<td title='emicalculator.Test.TestClass.expand()'><b>expand</b><br>Test class: emicalculator.Test.TestClass<br>Test method: Click on the expand button</td>
<td><div><pre>org.testng.TestNGException: 
Parameter &apos;Port&apos; is required by BeforeSuite on method getDriver but has not been marked @Optional or defined
in C:\Users\user\eclipse-Mainak\emicalculator.net\src\main\resources\testng.xml
... Removed 16 stack frames</pre></div><a href='#' onClick='toggleBox("stack-trace588584654", this, "Click to show all stack frames", "Click to hide stack frames")'>Click to show all stack frames</a>
<div class='stack-trace' id='stack-trace588584654'><pre>org.testng.TestNGException: 
Parameter &apos;Port&apos; is required by BeforeSuite on method getDriver but has not been marked @Optional or defined
in C:\Users\user\eclipse-Mainak\emicalculator.net\src\main\resources\testng.xml
	at org.testng.internal.Parameters.createParams(Parameters.java:272)
	at org.testng.internal.Parameters.createParametersForMethod(Parameters.java:360)
	at org.testng.internal.Parameters.createParameters(Parameters.java:704)
	at org.testng.internal.Parameters.createConfigurationParameters(Parameters.java:166)
	at org.testng.internal.ConfigInvoker.invokeConfigurations(ConfigInvoker.java:283)
	at org.testng.SuiteRunner.privateRun(SuiteRunner.java:327)
	at org.testng.SuiteRunner.run(SuiteRunner.java:286)
	at org.testng.SuiteRunnerWorker.runSuite(SuiteRunnerWorker.java:53)
	at org.testng.SuiteRunnerWorker.run(SuiteRunnerWorker.java:96)
	at org.testng.TestNG.runSuitesSequentially(TestNG.java:1187)
	at org.testng.TestNG.runSuitesLocally(TestNG.java:1109)
	at org.testng.TestNG.runSuites(TestNG.java:1039)
	at org.testng.TestNG.run(TestNG.java:1007)
	at org.testng.remote.AbstractRemoteTestNG.run(AbstractRemoteTestNG.java:115)
	at org.testng.remote.RemoteTestNG.initAndRun(RemoteTestNG.java:251)
	at org.testng.remote.RemoteTestNG.main(RemoteTestNG.java:77)
</pre></div></td>
<td>0</td>
<td>emicalculator.Test.TestClass@1827a871</td></tr>
<tr>
<td title='emicalculator.Test.TestClass.expand()'><b>expand</b><br>Test class: emicalculator.Test.TestClass<br>Test method: Click on the expand button</td>
<td></td>
<td>0</td>
<td>emicalculator.Test.TestClass@3676ac27</td></tr>
<tr>
<td title='emicalculator.Test.TestClass.getTitle()'><b>getTitle</b><br>Test class: emicalculator.Test.TestClass<br>Test method: verifying title of the webpage page</td>
<td><div><pre>org.testng.TestNGException: 
Parameter &apos;Port&apos; is required by BeforeSuite on method getDriver but has not been marked @Optional or defined
in C:\Users\user\eclipse-Mainak\emicalculator.net\src\main\resources\testng.xml
... Removed 16 stack frames</pre></div><a href='#' onClick='toggleBox("stack-trace1879612198", this, "Click to show all stack frames", "Click to hide stack frames")'>Click to show all stack frames</a>
<div class='stack-trace' id='stack-trace1879612198'><pre>org.testng.TestNGException: 
Parameter &apos;Port&apos; is required by BeforeSuite on method getDriver but has not been marked @Optional or defined
in C:\Users\user\eclipse-Mainak\emicalculator.net\src\main\resources\testng.xml
	at org.testng.internal.Parameters.createParams(Parameters.java:272)
	at org.testng.internal.Parameters.createParametersForMethod(Parameters.java:360)
	at org.testng.internal.Parameters.createParameters(Parameters.java:704)
	at org.testng.internal.Parameters.createConfigurationParameters(Parameters.java:166)
	at org.testng.internal.ConfigInvoker.invokeConfigurations(ConfigInvoker.java:283)
	at org.testng.SuiteRunner.privateRun(SuiteRunner.java:327)
	at org.testng.SuiteRunner.run(SuiteRunner.java:286)
	at org.testng.SuiteRunnerWorker.runSuite(SuiteRunnerWorker.java:53)
	at org.testng.SuiteRunnerWorker.run(SuiteRunnerWorker.java:96)
	at org.testng.TestNG.runSuitesSequentially(TestNG.java:1187)
	at org.testng.TestNG.runSuitesLocally(TestNG.java:1109)
	at org.testng.TestNG.runSuites(TestNG.java:1039)
	at org.testng.TestNG.run(TestNG.java:1007)
	at org.testng.remote.AbstractRemoteTestNG.run(AbstractRemoteTestNG.java:115)
	at org.testng.remote.RemoteTestNG.initAndRun(RemoteTestNG.java:251)
	at org.testng.remote.RemoteTestNG.main(RemoteTestNG.java:77)
</pre></div></td>
<td>0</td>
<td>emicalculator.Test.TestClass@1827a871</td></tr>
<tr>
<td title='emicalculator.Test.TestClass.getTitle()'><b>getTitle</b><br>Test class: emicalculator.Test.TestClass<br>Test method: verifying title of the webpage page</td>
<td></td>
<td>0</td>
<td>emicalculator.Test.TestClass@3676ac27</td></tr>
<tr>
<td title='emicalculator.Test.TestClass.screenshot()'><b>screenshot</b><br>Test class: emicalculator.Test.TestClass<br>Test method: To take the screenshot</td>
<td><div><pre>org.testng.TestNGException: 
Parameter &apos;Port&apos; is required by BeforeSuite on method getDriver but has not been marked @Optional or defined
in C:\Users\user\eclipse-Mainak\emicalculator.net\src\main\resources\testng.xml
... Removed 16 stack frames</pre></div><a href='#' onClick='toggleBox("stack-trace2113887665", this, "Click to show all stack frames", "Click to hide stack frames")'>Click to show all stack frames</a>
<div class='stack-trace' id='stack-trace2113887665'><pre>org.testng.TestNGException: 
Parameter &apos;Port&apos; is required by BeforeSuite on method getDriver but has not been marked @Optional or defined
in C:\Users\user\eclipse-Mainak\emicalculator.net\src\main\resources\testng.xml
	at org.testng.internal.Parameters.createParams(Parameters.java:272)
	at org.testng.internal.Parameters.createParametersForMethod(Parameters.java:360)
	at org.testng.internal.Parameters.createParameters(Parameters.java:704)
	at org.testng.internal.Parameters.createConfigurationParameters(Parameters.java:166)
	at org.testng.internal.ConfigInvoker.invokeConfigurations(ConfigInvoker.java:283)
	at org.testng.SuiteRunner.privateRun(SuiteRunner.java:327)
	at org.testng.SuiteRunner.run(SuiteRunner.java:286)
	at org.testng.SuiteRunnerWorker.runSuite(SuiteRunnerWorker.java:53)
	at org.testng.SuiteRunnerWorker.run(SuiteRunnerWorker.java:96)
	at org.testng.TestNG.runSuitesSequentially(TestNG.java:1187)
	at org.testng.TestNG.runSuitesLocally(TestNG.java:1109)
	at org.testng.TestNG.runSuites(TestNG.java:1039)
	at org.testng.TestNG.run(TestNG.java:1007)
	at org.testng.remote.AbstractRemoteTestNG.run(AbstractRemoteTestNG.java:115)
	at org.testng.remote.RemoteTestNG.initAndRun(RemoteTestNG.java:251)
	at org.testng.remote.RemoteTestNG.main(RemoteTestNG.java:77)
</pre></div></td>
<td>0</td>
<td>emicalculator.Test.TestClass@1827a871</td></tr>
<tr>
<td title='emicalculator.Test.TestClass.screenshot()'><b>screenshot</b><br>Test class: emicalculator.Test.TestClass<br>Test method: To take the screenshot</td>
<td></td>
<td>0</td>
<td>emicalculator.Test.TestClass@3676ac27</td></tr>
<tr>
<td title='emicalculator.Test.TestClass.selectInterestRate()'><b>selectInterestRate</b><br>Test class: emicalculator.Test.TestClass<br>Test method: Enter the rate of interest</td>
<td><div><pre>org.testng.TestNGException: 
Parameter &apos;Port&apos; is required by BeforeSuite on method getDriver but has not been marked @Optional or defined
in C:\Users\user\eclipse-Mainak\emicalculator.net\src\main\resources\testng.xml
... Removed 16 stack frames</pre></div><a href='#' onClick='toggleBox("stack-trace1737118724", this, "Click to show all stack frames", "Click to hide stack frames")'>Click to show all stack frames</a>
<div class='stack-trace' id='stack-trace1737118724'><pre>org.testng.TestNGException: 
Parameter &apos;Port&apos; is required by BeforeSuite on method getDriver but has not been marked @Optional or defined
in C:\Users\user\eclipse-Mainak\emicalculator.net\src\main\resources\testng.xml
	at org.testng.internal.Parameters.createParams(Parameters.java:272)
	at org.testng.internal.Parameters.createParametersForMethod(Parameters.java:360)
	at org.testng.internal.Parameters.createParameters(Parameters.java:704)
	at org.testng.internal.Parameters.createConfigurationParameters(Parameters.java:166)
	at org.testng.internal.ConfigInvoker.invokeConfigurations(ConfigInvoker.java:283)
	at org.testng.SuiteRunner.privateRun(SuiteRunner.java:327)
	at org.testng.SuiteRunner.run(SuiteRunner.java:286)
	at org.testng.SuiteRunnerWorker.runSuite(SuiteRunnerWorker.java:53)
	at org.testng.SuiteRunnerWorker.run(SuiteRunnerWorker.java:96)
	at org.testng.TestNG.runSuitesSequentially(TestNG.java:1187)
	at org.testng.TestNG.runSuitesLocally(TestNG.java:1109)
	at org.testng.TestNG.runSuites(TestNG.java:1039)
	at org.testng.TestNG.run(TestNG.java:1007)
	at org.testng.remote.AbstractRemoteTestNG.run(AbstractRemoteTestNG.java:115)
	at org.testng.remote.RemoteTestNG.initAndRun(RemoteTestNG.java:251)
	at org.testng.remote.RemoteTestNG.main(RemoteTestNG.java:77)
</pre></div></td>
<td>0</td>
<td>emicalculator.Test.TestClass@1827a871</td></tr>
<tr>
<td title='emicalculator.Test.TestClass.selectInterestRate()'><b>selectInterestRate</b><br>Test class: emicalculator.Test.TestClass<br>Test method: Enter the rate of interest</td>
<td></td>
<td>0</td>
<td>emicalculator.Test.TestClass@3676ac27</td></tr>
<tr>
<td title='emicalculator.Test.TestClass.selectLoanType()'><b>selectLoanType</b><br>Test class: emicalculator.Test.TestClass<br>Test method: Select the type of loan</td>
<td><div><pre>org.testng.TestNGException: 
Parameter &apos;Port&apos; is required by BeforeSuite on method getDriver but has not been marked @Optional or defined
in C:\Users\user\eclipse-Mainak\emicalculator.net\src\main\resources\testng.xml
... Removed 16 stack frames</pre></div><a href='#' onClick='toggleBox("stack-trace1047125103", this, "Click to show all stack frames", "Click to hide stack frames")'>Click to show all stack frames</a>
<div class='stack-trace' id='stack-trace1047125103'><pre>org.testng.TestNGException: 
Parameter &apos;Port&apos; is required by BeforeSuite on method getDriver but has not been marked @Optional or defined
in C:\Users\user\eclipse-Mainak\emicalculator.net\src\main\resources\testng.xml
	at org.testng.internal.Parameters.createParams(Parameters.java:272)
	at org.testng.internal.Parameters.createParametersForMethod(Parameters.java:360)
	at org.testng.internal.Parameters.createParameters(Parameters.java:704)
	at org.testng.internal.Parameters.createConfigurationParameters(Parameters.java:166)
	at org.testng.internal.ConfigInvoker.invokeConfigurations(ConfigInvoker.java:283)
	at org.testng.SuiteRunner.privateRun(SuiteRunner.java:327)
	at org.testng.SuiteRunner.run(SuiteRunner.java:286)
	at org.testng.SuiteRunnerWorker.runSuite(SuiteRunnerWorker.java:53)
	at org.testng.SuiteRunnerWorker.run(SuiteRunnerWorker.java:96)
	at org.testng.TestNG.runSuitesSequentially(TestNG.java:1187)
	at org.testng.TestNG.runSuitesLocally(TestNG.java:1109)
	at org.testng.TestNG.runSuites(TestNG.java:1039)
	at org.testng.TestNG.run(TestNG.java:1007)
	at org.testng.remote.AbstractRemoteTestNG.run(AbstractRemoteTestNG.java:115)
	at org.testng.remote.RemoteTestNG.initAndRun(RemoteTestNG.java:251)
	at org.testng.remote.RemoteTestNG.main(RemoteTestNG.java:77)
</pre></div></td>
<td>0</td>
<td>emicalculator.Test.TestClass@1827a871</td></tr>
<tr>
<td title='emicalculator.Test.TestClass.selectLoanType()'><b>selectLoanType</b><br>Test class: emicalculator.Test.TestClass<br>Test method: Select the type of loan</td>
<td></td>
<td>0</td>
<td>emicalculator.Test.TestClass@3676ac27</td></tr>
<tr>
<td title='emicalculator.Test.TestClass.selectTenure()'><b>selectTenure</b><br>Test class: emicalculator.Test.TestClass<br>Test method: Enter the time period</td>
<td><div><pre>org.testng.TestNGException: 
Parameter &apos;Port&apos; is required by BeforeSuite on method getDriver but has not been marked @Optional or defined
in C:\Users\user\eclipse-Mainak\emicalculator.net\src\main\resources\testng.xml
... Removed 16 stack frames</pre></div><a href='#' onClick='toggleBox("stack-trace1408180856", this, "Click to show all stack frames", "Click to hide stack frames")'>Click to show all stack frames</a>
<div class='stack-trace' id='stack-trace1408180856'><pre>org.testng.TestNGException: 
Parameter &apos;Port&apos; is required by BeforeSuite on method getDriver but has not been marked @Optional or defined
in C:\Users\user\eclipse-Mainak\emicalculator.net\src\main\resources\testng.xml
	at org.testng.internal.Parameters.createParams(Parameters.java:272)
	at org.testng.internal.Parameters.createParametersForMethod(Parameters.java:360)
	at org.testng.internal.Parameters.createParameters(Parameters.java:704)
	at org.testng.internal.Parameters.createConfigurationParameters(Parameters.java:166)
	at org.testng.internal.ConfigInvoker.invokeConfigurations(ConfigInvoker.java:283)
	at org.testng.SuiteRunner.privateRun(SuiteRunner.java:327)
	at org.testng.SuiteRunner.run(SuiteRunner.java:286)
	at org.testng.SuiteRunnerWorker.runSuite(SuiteRunnerWorker.java:53)
	at org.testng.SuiteRunnerWorker.run(SuiteRunnerWorker.java:96)
	at org.testng.TestNG.runSuitesSequentially(TestNG.java:1187)
	at org.testng.TestNG.runSuitesLocally(TestNG.java:1109)
	at org.testng.TestNG.runSuites(TestNG.java:1039)
	at org.testng.TestNG.run(TestNG.java:1007)
	at org.testng.remote.AbstractRemoteTestNG.run(AbstractRemoteTestNG.java:115)
	at org.testng.remote.RemoteTestNG.initAndRun(RemoteTestNG.java:251)
	at org.testng.remote.RemoteTestNG.main(RemoteTestNG.java:77)
</pre></div></td>
<td>0</td>
<td>emicalculator.Test.TestClass@1827a871</td></tr>
<tr>
<td title='emicalculator.Test.TestClass.selectTenure()'><b>selectTenure</b><br>Test class: emicalculator.Test.TestClass<br>Test method: Enter the time period</td>
<td></td>
<td>0</td>
<td>emicalculator.Test.TestClass@3676ac27</td></tr>
<tr>
<td title='emicalculator.Test.TestClass.selectamount()'><b>selectamount</b><br>Test class: emicalculator.Test.TestClass<br>Test method: Enter the car loan amount</td>
<td><div><pre>org.testng.TestNGException: 
Parameter &apos;Port&apos; is required by BeforeSuite on method getDriver but has not been marked @Optional or defined
in C:\Users\user\eclipse-Mainak\emicalculator.net\src\main\resources\testng.xml
... Removed 16 stack frames</pre></div><a href='#' onClick='toggleBox("stack-trace74144758", this, "Click to show all stack frames", "Click to hide stack frames")'>Click to show all stack frames</a>
<div class='stack-trace' id='stack-trace74144758'><pre>org.testng.TestNGException: 
Parameter &apos;Port&apos; is required by BeforeSuite on method getDriver but has not been marked @Optional or defined
in C:\Users\user\eclipse-Mainak\emicalculator.net\src\main\resources\testng.xml
	at org.testng.internal.Parameters.createParams(Parameters.java:272)
	at org.testng.internal.Parameters.createParametersForMethod(Parameters.java:360)
	at org.testng.internal.Parameters.createParameters(Parameters.java:704)
	at org.testng.internal.Parameters.createConfigurationParameters(Parameters.java:166)
	at org.testng.internal.ConfigInvoker.invokeConfigurations(ConfigInvoker.java:283)
	at org.testng.SuiteRunner.privateRun(SuiteRunner.java:327)
	at org.testng.SuiteRunner.run(SuiteRunner.java:286)
	at org.testng.SuiteRunnerWorker.runSuite(SuiteRunnerWorker.java:53)
	at org.testng.SuiteRunnerWorker.run(SuiteRunnerWorker.java:96)
	at org.testng.TestNG.runSuitesSequentially(TestNG.java:1187)
	at org.testng.TestNG.runSuitesLocally(TestNG.java:1109)
	at org.testng.TestNG.runSuites(TestNG.java:1039)
	at org.testng.TestNG.run(TestNG.java:1007)
	at org.testng.remote.AbstractRemoteTestNG.run(AbstractRemoteTestNG.java:115)
	at org.testng.remote.RemoteTestNG.initAndRun(RemoteTestNG.java:251)
	at org.testng.remote.RemoteTestNG.main(RemoteTestNG.java:77)
</pre></div></td>
<td>0</td>
<td>emicalculator.Test.TestClass@1827a871</td></tr>
<tr>
<td title='emicalculator.Test.TestClass.selectamount()'><b>selectamount</b><br>Test class: emicalculator.Test.TestClass<br>Test method: Enter the car loan amount</td>
<td></td>
<td>0</td>
<td>emicalculator.Test.TestClass@3676ac27</td></tr>
<tr>
<td title='emicalculator.Test.TestClass.writeDataInExcel()'><b>writeDataInExcel</b><br>Test class: emicalculator.Test.TestClass<br>Test method: To write the final values in excel sheet</td>
<td><div><pre>org.testng.TestNGException: 
Parameter &apos;Port&apos; is required by BeforeSuite on method getDriver but has not been marked @Optional or defined
in C:\Users\user\eclipse-Mainak\emicalculator.net\src\main\resources\testng.xml
... Removed 16 stack frames</pre></div><a href='#' onClick='toggleBox("stack-trace1222646910", this, "Click to show all stack frames", "Click to hide stack frames")'>Click to show all stack frames</a>
<div class='stack-trace' id='stack-trace1222646910'><pre>org.testng.TestNGException: 
Parameter &apos;Port&apos; is required by BeforeSuite on method getDriver but has not been marked @Optional or defined
in C:\Users\user\eclipse-Mainak\emicalculator.net\src\main\resources\testng.xml
	at org.testng.internal.Parameters.createParams(Parameters.java:272)
	at org.testng.internal.Parameters.createParametersForMethod(Parameters.java:360)
	at org.testng.internal.Parameters.createParameters(Parameters.java:704)
	at org.testng.internal.Parameters.createConfigurationParameters(Parameters.java:166)
	at org.testng.internal.ConfigInvoker.invokeConfigurations(ConfigInvoker.java:283)
	at org.testng.SuiteRunner.privateRun(SuiteRunner.java:327)
	at org.testng.SuiteRunner.run(SuiteRunner.java:286)
	at org.testng.SuiteRunnerWorker.runSuite(SuiteRunnerWorker.java:53)
	at org.testng.SuiteRunnerWorker.run(SuiteRunnerWorker.java:96)
	at org.testng.TestNG.runSuitesSequentially(TestNG.java:1187)
	at org.testng.TestNG.runSuitesLocally(TestNG.java:1109)
	at org.testng.TestNG.runSuites(TestNG.java:1039)
	at org.testng.TestNG.run(TestNG.java:1007)
	at org.testng.remote.AbstractRemoteTestNG.run(AbstractRemoteTestNG.java:115)
	at org.testng.remote.RemoteTestNG.initAndRun(RemoteTestNG.java:251)
	at org.testng.remote.RemoteTestNG.main(RemoteTestNG.java:77)
</pre></div></td>
<td>0</td>
<td>emicalculator.Test.TestClass@1827a871</td></tr>
<tr>
<td title='emicalculator.Test.TestClass.writeDataInExcel()'><b>writeDataInExcel</b><br>Test class: emicalculator.Test.TestClass<br>Test method: To write the final values in excel sheet</td>
<td></td>
<td>0</td>
<td>emicalculator.Test.TestClass@3676ac27</td></tr>
</table><p>
</body>
</html>