<?xml version="1.0" encoding="UTF-8"?>
<!-- Generated by org.testng.reporters.JUnitReportReporter -->
<testsuite skipped="0" hostname="user-PC" name="emicalculator.Test.NegativeTestClass" tests="7" failures="1" timestamp="2020-08-08T21:09:45 IST" time="17.390" errors="0">
  <testcase name="getTitle_NegativeTest" time="0.857" classname="emicalculator.Test.NegativeTestClass"/>
  <system-out/>
  <testcase name="verifybutton_NegativeTest" time="0.132" classname="emicalculator.Test.NegativeTestClass"/>
  <system-out/>
  <testcase name="selectLoanType_NegativeTest" time="3.746" classname="emicalculator.Test.NegativeTestClass"/>
  <system-out/>
  <testcase name="selectamount_NegativeTest" time="5.116" classname="emicalculator.Test.NegativeTestClass"/>
  <system-out/>
  <testcase name="selectInterestRate_NegativeTest" time="3.539" classname="emicalculator.Test.NegativeTestClass">
    <failure type="java.lang.AssertionError" message="expected [0] but found [null]">
      <![CDATA[java.lang.AssertionError: expected [0] but found [null]
at org.testng.Assert.fail(Assert.java:97)
at org.testng.Assert.failNotEquals(Assert.java:969)
at org.testng.Assert.assertEqualsImpl(Assert.java:131)
at org.testng.Assert.assertEquals(Assert.java:118)
at org.testng.Assert.assertEquals(Assert.java:575)
at org.testng.Assert.assertEquals(Assert.java:585)
at emicalculator.Test.NegativeTestClass.selectInterestRate_NegativeTest(NegativeTestClass.java:111)
at sun.reflect.NativeMethodAccessorImpl.invoke0(Native Method)
at sun.reflect.NativeMethodAccessorImpl.invoke(NativeMethodAccessorImpl.java:62)
at sun.reflect.DelegatingMethodAccessorImpl.invoke(DelegatingMethodAccessorImpl.java:43)
at java.lang.reflect.Method.invoke(Method.java:498)
at org.testng.internal.MethodInvocationHelper.invokeMethod(MethodInvocationHelper.java:134)
at org.testng.internal.TestInvoker.invokeMethod(TestInvoker.java:597)
at org.testng.internal.TestInvoker.invokeTestMethod(TestInvoker.java:173)
at org.testng.internal.MethodRunner.runInSequence(MethodRunner.java:46)
at org.testng.internal.TestInvoker$MethodInvocationAgent.invoke(TestInvoker.java:816)
at org.testng.internal.TestInvoker.invokeTestMethods(TestInvoker.java:146)
at org.testng.internal.TestMethodWorker.invokeTestMethods(TestMethodWorker.java:146)
at org.testng.internal.TestMethodWorker.run(TestMethodWorker.java:128)
at java.util.ArrayList.forEach(ArrayList.java:1257)
at org.testng.TestRunner.privateRun(TestRunner.java:766)
at org.testng.TestRunner.run(TestRunner.java:587)
at org.testng.SuiteRunner.runTest(SuiteRunner.java:384)
at org.testng.SuiteRunner.runSequentially(SuiteRunner.java:378)
at org.testng.SuiteRunner.privateRun(SuiteRunner.java:337)
at org.testng.SuiteRunner.run(SuiteRunner.java:286)
at org.testng.SuiteRunnerWorker.runSuite(SuiteRunnerWorker.java:53)
at org.testng.SuiteRunnerWorker.run(SuiteRunnerWorker.java:96)
at org.testng.TestNG.runSuitesSequentially(TestNG.java:1187)
at org.testng.TestNG.runSuitesLocally(TestNG.java:1109)
at org.testng.TestNG.runSuites(TestNG.java:1039)
at org.testng.TestNG.run(TestNG.java:1007)
at org.testng.remote.AbstractRemoteTestNG.run(AbstractRemoteTestNG.java:115)
at org.testng.remote.RemoteTestNG.initAndRun(RemoteTestNG.java:251)
at org.testng.remote.RemoteTestNG.main(RemoteTestNG.java:77)
]]>
    </failure>
  </testcase> <!-- selectInterestRate_NegativeTest -->
  <system-out/>
  <testcase name="selectTenure_NegativeTest" time="3.457" classname="emicalculator.Test.NegativeTestClass"/>
  <system-out/>
  <testcase name="screenshot_NegativeTest" time="0.543" classname="emicalculator.Test.NegativeTestClass"/>
  <system-out/>
</testsuite> <!-- emicalculator.Test.NegativeTestClass -->
